<?xml version="1.0" encoding="UTF-8" ?><script><attributes><attrib name="scriptname"/><attrib name="description"/><attrib name="company">SmartBear%20Software%20Inc</attrib><attrib name="appname">Deja</attrib><attrib name="scripttype">DejaClick%20for%20Chrome</attrib><attrib name="acceptcookies">0</attrib><attrib name="disablepopups">false</attrib><attrib name="produced">Mon%2C%2015%20May%202017%2010%3A53%3A48%20GMT</attrib><attrib name="pversion">1.0.9.1</attrib><attrib name="pbrowser">Chrome</attrib><attrib name="pbrowserversion">58.0.3029.110</attrib><attrib name="rfeatures"/><attrib name="txnstruct">1%3A4%3A6%3A4</attrib></attributes><actions type="record" generated="Mon%2C%2015%20May%202017%2010%3A52%3A48%20GMT"><action type="browser" seq="1"><attributes><attrib name="actionname"/><attrib name="description">Software%20Testing%2C%20Monitoring%2C%20Developer%20Tools%20%7C%20SmartBeaRREEr</attrib><attrib name="urlrequested">https%3A%2F%2Fsmartbear.com%2F</attrib><attrib name="urlfinalized">https%3A%2F%2Fsmartbear.com%2F</attrib></attributes><event type="navigate" seq="1"><eventparams><param name="urlrequested">https%3A%2F%2Fsmartbear.com%2F</param><param name="urlfinalized">https%3A%2F%2Fsmartbear.com%2F</param></eventparams><replayhints><hint name="netactivity">yes</hint><hint name="mutations">1672</hint><hint name="scripting">true</hint><hint name="thinktime">2783</hint><hint name="locations">1</hint></replayhints><attributes><attrib name="fullpageobjects">true</attrib></attributes></event></action><action type="browser" seq="2"><attributes><attrib name="actionname"/><attrib name="description">Software%20Testing%2C%20Monitoring%2C%20Developer%20Tools%20%7C%20SmartBear</attrib><attrib name="urlrequested">https%3A%2F%2Fsmartbear.com%2Fproduct%2Ftestleft%2Foverview%2F</attrib><attrib name="urlfinalized">https%3A%2F%2Fsmartbear.com%2Fproduct%2Ftestleft%2Foverview%2F</attrib></attributes><event type="hover" seq="2"><eventparams><param name="button">0</param><param name="detail">0</param><param name="screenX">834</param><param name="screenY">83</param><param name="clientX">454</param><param name="altKey">false</param><param name="ctrlKey">false</param><param name="metaKey">false</param><param name="shiftKey">false</param></eventparams><targets><target type="document"><fingerprint>1%3A1%3A1%3A1%3A1</fingerprint><breadcrumbs><crumb tag="document" index="0"><attributes><attrib name="type">body</attrib><attrib name="seq">1</attrib><attrib name="subscript">0</attrib><attrib name="action">1</attrib><attrib name="event">1</attrib><attrib name="urldocument">https%3A%2F%2Fsmartbear.com%2F</attrib><attrib name="title">SoftwareTEST%20Testing%2C%20Monitoring%2C%20Developer%20Tools%20%7C%20SmartBear</attrib><attrib name="tabId">85</attrib><attrib name="docId">294</attrib></attributes></crumb><crumb tag="location" index="0"><attributes><attrib name="type">navigate</attrib><attrib name="seq">1</attrib><attrib name="subscript">0</attrib><attrib name="action">1</attrib><attrib name="event">1</attrib><attrib name="urlrequested">https%3A%2F%2Fsmartbear.com%2F</attrib><attrib name="urlfinalized">https%3A%2F%2Fsmartbear.com%2F</attrib></attributes></crumb><crumb tag="browser" index="0"><attributes><attrib name="type">tabbrowser</attrib><attrib name="seq">1</attrib><attrib name="subscript">0</attrib><attrib name="action">1</attrib><attrib name="event">1</attrib><attrib name="browserindex">0</attrib></attributes></crumb></breadcrumbs></target><target type="element"><fingerprint>1%3A1%3A2%3A5%3A1%3A2%3A1%3A1%3A4%3A1%3A1%3A1</fingerprint><elementpath>id('main-topnav')%2Ful%2Fli%5B1%5D%2Fa</elementpath><breadcrumbs><crumb tag="A" index="0"><attributes><attrib name="innerText">products%20</attrib></attributes></crumb><crumb tag="NAV" index="0"><attributes><attrib name="id">main-topnav</attrib></attributes></crumb><crumb tag="DIV" index="2"><attributes><attrib name="id">undefined-sticky-wrapper</attrib></attributes></crumb><crumb tag="DIV" index="3"><attributes><attrib name="id">container</attrib></attributes></crumb><crumb tag="FORM" index="0"><attributes><attrib name="id">form</attrib><attrib name="method">post</attrib><attrib name="action">%2F</attrib></attributes></crumb><crumb tag="BODY" index="0"/></breadcrumbs></target></targets><replayhints><hint name="scripting">true</hint></replayhints></event><event type="click" seq="3"><targets><target type="document"><fingerprint>1%3A1%3A1%3A1%3A1</fingerprint><breadcrumbs><crumb tag="document" index="0"><attributes><attrib name="type">body</attrib><attrib name="seq">1</attrib><attrib name="subscript">0</attrib><attrib name="action">1</attrib><attrib name="event">1</attrib><attrib name="urldocument">https%3A%2F%2Fsmartbear.com%2F</attrib><attrib name="title">Software%20Testing%2C%20Monitoring%2C%20Developer%20Tools%20%7C%20SmartBear</attrib><attrib name="tabId">85</attrib><attrib name="docId">294</attrib></attributes></crumb><crumb tag="location" index="0"><attributes><attrib name="type">navigate</attrib><attrib name="seq">1</attrib><attrib name="subscript">0</attrib><attrib name="action">1</attrib><attrib name="event">1</attrib><attrib name="urlrequested">https%3A%2F%2Fsmartbear.com%2F</attrib><attrib name="urlfinalized">https%3A%2F%2Fsmartbear.com%2F</attrib></attributes></crumb><crumb tag="browser" index="0"><attributes><attrib name="type">tabbrowser</attrib><attrib name="seq">1</attrib><attrib name="subscript">0</attrib><attrib name="action">1</attrib><attrib name="event">1</attrib><attrib name="browserindex">0</attrib></attributes></crumb></breadcrumbs></target><target type="element"><fingerprint>1%3A1%3A2%3A5%3A1%3A2%3A1%3A1%3A4%3A1%3A1%3A1</fingerprint><elementpath>id('main-topnav')%2Ful%2Fli%5B1%5D%2Fa</elementpath><breadcrumbs><crumb tag="A" index="0"><attributes><attrib name="innerText">products%20</attrib></attributes></crumb><crumb tag="NAV" index="0"><attributes><attrib name="id">main-topnav</attrib></attributes></crumb><crumb tag="DIV" index="2"><attributes><attrib name="id">undefined-sticky-wrapper</attrib></attributes></crumb><crumb tag="DIV" index="3"><attributes><attrib name="id">container</attrib></attributes></crumb><crumb tag="FORM" index="0"><attributes><attrib name="id">form</attrib><attrib name="method">post</attrib><attrib name="action">%2F</attrib></attributes></crumb><crumb tag="BODY" index="0"/></breadcrumbs></target></targets><replayhints><hint name="mutations">1</hint><hint name="scripting">true</hint><hint name="thinktime">2085</hint></replayhints></event><event type="hover" seq="4"><eventparams><param name="button">0</param><param name="detail">0</param><param name="screenX">880</param><param name="screenY">314</param><param name="clientX">500</param><param name="altKey">false</param><param name="ctrlKey">false</param><param name="metaKey">false</param><param name="shiftKey">false</param></eventparams><targets><target type="document"><fingerprint>1%3A1%3A1%3A1%3A1</fingerprint><breadcrumbs><crumb tag="document" index="0"><attributes><attrib name="type">body</attrib><attrib name="seq">1</attrib><attrib name="subscript">0</attrib><attrib name="action">1</attrib><attrib name="event">1</attrib><attrib name="urldocument">https%3A%2F%2Fsmartbear.com%2F</attrib><attrib name="title">Software%20Testing%2C%20Monitoring%2C%20Developer%20Tools%20%7C%20SmartBear</attrib><attrib name="tabId">85</attrib><attrib name="docId">294</attrib></attributes></crumb><crumb tag="location" index="0"><attributes><attrib name="type">navigate</attrib><attrib name="seq">1</attrib><attrib name="subscript">0</attrib><attrib name="action">1</attrib><attrib name="event">1</attrib><attrib name="urlrequested">https%3A%2F%2Fsmartbear.com%2F</attrib><attrib name="urlfinalized">https%3A%2F%2Fsmartbear.com%2F</attrib></attributes></crumb><crumb tag="browser" index="0"><attributes><attrib name="type">tabbrowser</attrib><attrib name="seq">1</attrib><attrib name="subscript">0</attrib><attrib name="action">1</attrib><attrib name="event">1</attrib><attrib name="browserindex">0</attrib></attributes></crumb></breadcrumbs></target><target type="element"><fingerprint>1%3A1%3A2%3A5%3A1%3A2%3A1%3A1%3A4%3A1%3A1%3A2%3A1%3A3%3A4</fingerprint><elementpath>id('main-topnav')%2Ful%2Fli%5B1%5D%2Fdiv%2Fdiv%2Fdiv%5B3%5D%2Fa%5B2%5D</elementpath><breadcrumbs><crumb tag="A" index="10"><attributes><attrib name="href">https%3A%2F%2Fsmartbear.com%2Fproduct%2Ftestleft%2Foverview%2F</attrib><attrib name="innerText">testleft</attrib></attributes></crumb><crumb tag="NAV" index="0"><attributes><attrib name="id">main-topnav</attrib></attributes></crumb><crumb tag="DIV" index="2"><attributes><attrib name="id">undefined-sticky-wrapper</attrib></attributes></crumb><crumb tag="DIV" index="3"><attributes><attrib name="id">container</attrib></attributes></crumb><crumb tag="FORM" index="0"><attributes><attrib name="id">form</attrib><attrib name="method">post</attrib><attrib name="action">%2F</attrib></attributes></crumb><crumb tag="BODY" index="0"/></breadcrumbs></target></targets><replayhints><hint name="scripting">true</hint></replayhints></event><event type="click" seq="5"><targets><target type="document"><fingerprint>1%3A1%3A1%3A1%3A1</fingerprint><breadcrumbs><crumb tag="document" index="0"><attributes><attrib name="type">body</attrib><attrib name="seq">1</attrib><attrib name="subscript">0</attrib><attrib name="action">1</attrib><attrib name="event">1</attrib><attrib name="urldocument">https%3A%2F%2Fsmartbear.com%2F</attrib><attrib name="title">Software%20Testing%2C%20Monitoring%2C%20Developer%20Tools%20%7C%20SmartBear</attrib><attrib name="tabId">85</attrib><attrib name="docId">294</attrib></attributes></crumb><crumb tag="location" index="0"><attributes><attrib name="type">navigate</attrib><attrib name="seq">1</attrib><attrib name="subscript">0</attrib><attrib name="action">1</attrib><attrib name="event">1</attrib><attrib name="urlrequested">https%3A%2F%2Fsmartbear.com%2F</attrib><attrib name="urlfinalized">https%3A%2F%2Fsmartbear.com%2F</attrib></attributes></crumb><crumb tag="browser" index="0"><attributes><attrib name="type">tabbrowser</attrib><attrib name="seq">1</attrib><attrib name="subscript">0</attrib><attrib name="action">1</attrib><attrib name="event">1</attrib><attrib name="browserindex">0</attrib></attributes></crumb></breadcrumbs></target><target type="element"><fingerprint>1%3A1%3A2%3A5%3A1%3A2%3A1%3A1%3A4%3A1%3A1%3A2%3A1%3A3%3A4</fingerprint><elementpath>id('main-topnav')%2Ful%2Fli%5B1%5D%2Fdiv%2Fdiv%2Fdiv%5B3%5D%2Fa%5B2%5D</elementpath><breadcrumbs><crumb tag="A" index="10"><attributes><attrib name="href">https%3A%2F%2Fsmartbear.com%2Fproduct%2Ftestleft%2Foverview%2F</attrib><attrib name="innerText">testleft</attrib></attributes></crumb><crumb tag="NAV" index="0"><attributes><attrib name="id">main-topnav</attrib></attributes></crumb><crumb tag="DIV" index="2"><attributes><attrib name="id">undefined-sticky-wrapper</attrib></attributes></crumb><crumb tag="DIV" index="3"><attributes><attrib name="id">container</attrib></attributes></crumb><crumb tag="FORM" index="0"><attributes><attrib name="id">form</attrib><attrib name="method">post</attrib><attrib name="action">%2F</attrib></attributes></crumb><crumb tag="BODY" index="0"/></breadcrumbs></target></targets><replayhints><hint name="netactivity">yes</hint><hint name="thinktime">1427</hint><hint name="mutations">1330</hint><hint name="scripting">true</hint><hint name="locations">1</hint></replayhints><attributes><attrib name="fullpageobjects">true</attrib></attributes></event></action><action type="browser" seq="3"><attributes><attrib name="actionname"/><attrib name="description">Test%20Automation%20Framework%20for%20Developers%20%7C%20TestLeft</attrib><attrib name="urlrequested">https%3A%2F%2Fsmartbear.com%2Fsolutions%2Fcontinuous-integration%2F</attrib><attrib name="urlfinalized">https%3A%2F%2Fsmartbear.com%2Fsolutions%2Fcontinuous-integration%2F</attrib></attributes><event type="hover" seq="6"><eventparams><param name="button">0</param><param name="detail">0</param><param name="screenX">882</param><param name="screenY">319</param><param name="clientX">502</param><param name="altKey">false</param><param name="ctrlKey">false</param><param name="metaKey">false</param><param name="shiftKey">false</param></eventparams><targets><target type="document"><fingerprint>1%3A1%3A1%3A1%3A5%3A1%3A1</fingerprint><breadcrumbs><crumb tag="document" index="0"><attributes><attrib name="type">body</attrib><attrib name="seq">2</attrib><attrib name="subscript">0</attrib><attrib name="action">2</attrib><attrib name="event">5</attrib><attrib name="urldocument">https%3A%2F%2Fsmartbear.com%2Fproduct%2Ftestleft%2Foverview%2F</attrib><attrib name="title">Test%20Automation%20Framework%20for%20Developers%20%7C%20TestLeft</attrib><attrib name="tabId">85</attrib><attrib name="docId">295</attrib></attributes></crumb><crumb tag="location" index="0"><attributes><attrib name="type">event</attrib><attrib name="seq">2</attrib><attrib name="subscript">0</attrib><attrib name="action">2</attrib><attrib name="event">5</attrib><attrib name="urlrequested">https%3A%2F%2Fsmartbear.com%2Fproduct%2Ftestleft%2Foverview%2F</attrib><attrib name="urlfinalized">https%3A%2F%2Fsmartbear.com%2Fproduct%2Ftestleft%2Foverview%2F</attrib></attributes></crumb><crumb tag="location" index="0"><attributes><attrib name="type">navigate</attrib><attrib name="seq">1</attrib><attrib name="subscript">0</attrib><attrib name="action">1</attrib><attrib name="event">1</attrib><attrib name="urlrequested">https%3A%2F%2Fsmartbear.com%2F</attrib><attrib name="urlfinalized">https%3A%2F%2Fsmartbear.com%2F</attrib></attributes></crumb><crumb tag="browser" index="0"><attributes><attrib name="type">tabbrowser</attrib><attrib name="seq">1</attrib><attrib name="subscript">0</attrib><attrib name="action">1</attrib><attrib name="event">1</attrib><attrib name="browserindex">0</attrib></attributes></crumb></breadcrumbs></target><target type="element"><fingerprint>1%3A1%3A2%3A5%3A2%3A1%3A1%3A1%3A1%3A1</fingerprint><elementpath>id('content')%2Fdiv%2Fdiv%5B1%5D%2Fdiv%2Fdiv%5B1%5D</elementpath><breadcrumbs><crumb tag="DIV" index="3"><attributes><attrib name="textproxy">%20TestLeft%20A%20functional%20testing%20tool%20fully%20embedded%20in%20standard%20IDEs%20</attrib></attributes></crumb><crumb tag="DIV" index="0"><attributes><attrib name="id">content</attrib></attributes></crumb><crumb tag="DIV" index="85"><attributes><attrib name="id">main</attrib></attributes></crumb><crumb tag="DIV" index="3"><attributes><attrib name="id">container</attrib></attributes></crumb><crumb tag="FORM" index="0"><attributes><attrib name="id">form</attrib><attrib name="method">post</attrib><attrib name="action">%2Fproduct%2Ftestleft%2Foverview%2F</attrib></attributes></crumb><crumb tag="BODY" index="0"/></breadcrumbs></target></targets><replayhints><hint name="mutations">6</hint><hint name="scripting">true</hint></replayhints></event><event type="hover" seq="7"><eventparams><param name="button">0</param><param name="detail">0</param><param name="screenX">900</param><param name="screenY">289</param><param name="clientX">520</param><param name="altKey">false</param><param name="ctrlKey">false</param><param name="metaKey">false</param><param name="shiftKey">false</param></eventparams><targets><target type="document"><fingerprint>1%3A1%3A1%3A1%3A5%3A1%3A1</fingerprint><breadcrumbs><crumb tag="document" index="0"><attributes><attrib name="type">body</attrib><attrib name="seq">2</attrib><attrib name="subscript">0</attrib><attrib name="action">2</attrib><attrib name="event">5</attrib><attrib name="urldocument">https%3A%2F%2Fsmartbear.com%2Fproduct%2Ftestleft%2Foverview%2F</attrib><attrib name="title">Test%20Automation%20Framework%20for%20Developers%20%7C%20TestLeft</attrib><attrib name="tabId">85</attrib><attrib name="docId">295</attrib></attributes></crumb><crumb tag="location" index="0"><attributes><attrib name="type">event</attrib><attrib name="seq">2</attrib><attrib name="subscript">0</attrib><attrib name="action">2</attrib><attrib name="event">5</attrib><attrib name="urlrequested">https%3A%2F%2Fsmartbear.com%2Fproduct%2Ftestleft%2Foverview%2F</attrib><attrib name="urlfinalized">https%3A%2F%2Fsmartbear.com%2Fproduct%2Ftestleft%2Foverview%2F</attrib></attributes></crumb><crumb tag="location" index="0"><attributes><attrib name="type">navigate</attrib><attrib name="seq">1</attrib><attrib name="subscript">0</attrib><attrib name="action">1</attrib><attrib name="event">1</attrib><attrib name="urlrequested">https%3A%2F%2Fsmartbear.com%2F</attrib><attrib name="urlfinalized">https%3A%2F%2Fsmartbear.com%2F</attrib></attributes></crumb><crumb tag="browser" index="0"><attributes><attrib name="type">tabbrowser</attrib><attrib name="seq">1</attrib><attrib name="subscript">0</attrib><attrib name="action">1</attrib><attrib name="event">1</attrib><attrib name="browserindex">0</attrib></attributes></crumb></breadcrumbs></target><target type="element"><fingerprint>1%3A1%3A2%3A5%3A2%3A1%3A1%3A1%3A1</fingerprint><elementpath>id('content')%2Fdiv%2Fdiv%5B1%5D%2Fdiv</elementpath><breadcrumbs><crumb tag="DIV" index="2"><attributes><attrib name="textproxy">%20TestLeft%20A%20functional%20testing%20tool%20fully%20embedded%20in%20standard%20IDEs%20See%20It%20In%20Action%20Try%20TestLeft%20Today%20</attrib></attributes></crumb><crumb tag="DIV" index="0"><attributes><attrib name="id">content</attrib></attributes></crumb><crumb tag="DIV" index="85"><attributes><attrib name="id">main</attrib></attributes></crumb><crumb tag="DIV" index="3"><attributes><attrib name="id">container</attrib></attributes></crumb><crumb tag="FORM" index="0"><attributes><attrib name="id">form</attrib><attrib name="method">post</attrib><attrib name="action">%2Fproduct%2Ftestleft%2Foverview%2F</attrib></attributes></crumb><crumb tag="BODY" index="0"/></breadcrumbs></target></targets><replayhints><hint name="mutations">2</hint><hint name="scripting">true</hint></replayhints></event><event type="hover" seq="8"><eventparams><param name="button">0</param><param name="detail">0</param><param name="screenX">974</param><param name="screenY">174</param><param name="clientX">594</param><param name="altKey">false</param><param name="ctrlKey">false</param><param name="metaKey">false</param><param name="shiftKey">false</param></eventparams><targets><target type="document"><fingerprint>1%3A1%3A1%3A1%3A5%3A1%3A1</fingerprint><breadcrumbs><crumb tag="document" index="0"><attributes><attrib name="type">body</attrib><attrib name="seq">2</attrib><attrib name="subscript">0</attrib><attrib name="action">2</attrib><attrib name="event">5</attrib><attrib name="urldocument">https%3A%2F%2Fsmartbear.com%2Fproduct%2Ftestleft%2Foverview%2F</attrib><attrib name="title">Test%20Automation%20Framework%20for%20Developers%20%7C%20TestLeft</attrib><attrib name="tabId">85</attrib><attrib name="docId">295</attrib></attributes></crumb><crumb tag="location" index="0"><attributes><attrib name="type">event</attrib><attrib name="seq">2</attrib><attrib name="subscript">0</attrib><attrib name="action">2</attrib><attrib name="event">5</attrib><attrib name="urlrequested">https%3A%2F%2Fsmartbear.com%2Fproduct%2Ftestleft%2Foverview%2F</attrib><attrib name="urlfinalized">https%3A%2F%2Fsmartbear.com%2Fproduct%2Ftestleft%2Foverview%2F</attrib></attributes></crumb><crumb tag="location" index="0"><attributes><attrib name="type">navigate</attrib><attrib name="seq">1</attrib><attrib name="subscript">0</attrib><attrib name="action">1</attrib><attrib name="event">1</attrib><attrib name="urlrequested">https%3A%2F%2Fsmartbear.com%2F</attrib><attrib name="urlfinalized">https%3A%2F%2Fsmartbear.com%2F</attrib></attributes></crumb><crumb tag="browser" index="0"><attributes><attrib name="type">tabbrowser</attrib><attrib name="seq">1</attrib><attrib name="subscript">0</attrib><attrib name="action">1</attrib><attrib name="event">1</attrib><attrib name="browserindex">0</attrib></attributes></crumb></breadcrumbs></target><target type="element"><fingerprint>1%3A1%3A2%3A5%3A1%3A2%3A1%3A4%3A1%3A2%3A1</fingerprint><elementpath>id('main-topnav')%2Ful%2Fli%5B2%5D%2Fa</elementpath><breadcrumbs><crumb tag="A" index="27"><attributes><attrib name="innerText">solutions</attrib></attributes></crumb><crumb tag="NAV" index="0"><attributes><attrib name="id">main-topnav</attrib></attributes></crumb><crumb tag="DIV" index="3"><attributes><attrib name="id">container</attrib></attributes></crumb><crumb tag="FORM" index="0"><attributes><attrib name="id">form</attrib><attrib name="method">post</attrib><attrib name="action">%2Fproduct%2Ftestleft%2Foverview%2F</attrib></attributes></crumb><crumb tag="BODY" index="0"/></breadcrumbs></target></targets><replayhints><hint name="mutations">3</hint><hint name="scripting">true</hint></replayhints></event><event type="click" seq="9"><targets><target type="document"><fingerprint>1%3A1%3A1%3A1%3A5%3A1%3A1</fingerprint><breadcrumbs><crumb tag="document" index="0"><attributes><attrib name="type">body</attrib><attrib name="seq">2</attrib><attrib name="subscript">0</attrib><attrib name="action">2</attrib><attrib name="event">5</attrib><attrib name="urldocument">https%3A%2F%2Fsmartbear.com%2Fproduct%2Ftestleft%2Foverview%2F</attrib><attrib name="title">Test%20Automation%20Framework%20for%20Developers%20%7C%20TestLeft</attrib><attrib name="tabId">85</attrib><attrib name="docId">295</attrib></attributes></crumb><crumb tag="location" index="0"><attributes><attrib name="type">event</attrib><attrib name="seq">2</attrib><attrib name="subscript">0</attrib><attrib name="action">2</attrib><attrib name="event">5</attrib><attrib name="urlrequested">https%3A%2F%2Fsmartbear.com%2Fproduct%2Ftestleft%2Foverview%2F</attrib><attrib name="urlfinalized">https%3A%2F%2Fsmartbear.com%2Fproduct%2Ftestleft%2Foverview%2F</attrib></attributes></crumb><crumb tag="location" index="0"><attributes><attrib name="type">navigate</attrib><attrib name="seq">1</attrib><attrib name="subscript">0</attrib><attrib name="action">1</attrib><attrib name="event">1</attrib><attrib name="urlrequested">https%3A%2F%2Fsmartbear.com%2F</attrib><attrib name="urlfinalized">https%3A%2F%2Fsmartbear.com%2F</attrib></attributes></crumb><crumb tag="browser" index="0"><attributes><attrib name="type">tabbrowser</attrib><attrib name="seq">1</attrib><attrib name="subscript">0</attrib><attrib name="action">1</attrib><attrib name="event">1</attrib><attrib name="browserindex">0</attrib></attributes></crumb></breadcrumbs></target><target type="element"><fingerprint>1%3A1%3A2%3A5%3A1%3A2%3A1%3A4%3A1%3A2%3A1</fingerprint><elementpath>id('main-topnav')%2Ful%2Fli%5B2%5D%2Fa</elementpath><breadcrumbs><crumb tag="A" index="27"><attributes><attrib name="innerText">solutions</attrib></attributes></crumb><crumb tag="NAV" index="0"><attributes><attrib name="id">main-topnav</attrib></attributes></crumb><crumb tag="DIV" index="3"><attributes><attrib name="id">container</attrib></attributes></crumb><crumb tag="FORM" index="0"><attributes><attrib name="id">form</attrib><attrib name="method">post</attrib><attrib name="action">%2Fproduct%2Ftestleft%2Foverview%2F</attrib></attributes></crumb><crumb tag="BODY" index="0"/></breadcrumbs></target></targets><replayhints><hint name="mutations">1</hint><hint name="scripting">true</hint><hint name="thinktime">6325</hint></replayhints></event><event type="hover" seq="10"><eventparams><param name="button">0</param><param name="detail">0</param><param name="screenX">982</param><param name="screenY">299</param><param name="clientX">602</param><param name="altKey">false</param><param name="ctrlKey">false</param><param name="metaKey">false</param><param name="shiftKey">false</param></eventparams><targets><target type="document"><fingerprint>1%3A1%3A1%3A1%3A5%3A1%3A1</fingerprint><breadcrumbs><crumb tag="document" index="0"><attributes><attrib name="type">body</attrib><attrib name="seq">2</attrib><attrib name="subscript">0</attrib><attrib name="action">2</attrib><attrib name="event">5</attrib><attrib name="urldocument">https%3A%2F%2Fsmartbear.com%2Fproduct%2Ftestleft%2Foverview%2F</attrib><attrib name="title">Test%20Automation%20Framework%20for%20Developers%20%7C%20TestLeft</attrib><attrib name="tabId">85</attrib><attrib name="docId">295</attrib></attributes></crumb><crumb tag="location" index="0"><attributes><attrib name="type">event</attrib><attrib name="seq">2</attrib><attrib name="subscript">0</attrib><attrib name="action">2</attrib><attrib name="event">5</attrib><attrib name="urlrequested">https%3A%2F%2Fsmartbear.com%2Fproduct%2Ftestleft%2Foverview%2F</attrib><attrib name="urlfinalized">https%3A%2F%2Fsmartbear.com%2Fproduct%2Ftestleft%2Foverview%2F</attrib></attributes></crumb><crumb tag="location" index="0"><attributes><attrib name="type">navigate</attrib><attrib name="seq">1</attrib><attrib name="subscript">0</attrib><attrib name="action">1</attrib><attrib name="event">1</attrib><attrib name="urlrequested">https%3A%2F%2Fsmartbear.com%2F</attrib><attrib name="urlfinalized">https%3A%2F%2Fsmartbear.com%2F</attrib></attributes></crumb><crumb tag="browser" index="0"><attributes><attrib name="type">tabbrowser</attrib><attrib name="seq">1</attrib><attrib name="subscript">0</attrib><attrib name="action">1</attrib><attrib name="event">1</attrib><attrib name="browserindex">0</attrib></attributes></crumb></breadcrumbs></target><target type="element"><fingerprint>1%3A1%3A2%3A5%3A1%3A2%3A1%3A4%3A1%3A2%3A2%3A1%3A2%3A5%3A2</fingerprint><elementpath>id('main-topnav')%2Ful%2Fli%5B2%5D%2Fdiv%2Fdiv%2Fdiv%5B2%5D%2Fdiv%5B4%5D%2Fa%5B2%5D</elementpath><breadcrumbs><crumb tag="A" index="54"><attributes><attrib name="href">https%3A%2F%2Fsmartbear.com%2Fsolutions%2Fcontinuous-integration%2F</attrib><attrib name="innerText">continuous%20integration</attrib></attributes></crumb><crumb tag="NAV" index="0"><attributes><attrib name="id">main-topnav</attrib></attributes></crumb><crumb tag="DIV" index="3"><attributes><attrib name="id">container</attrib></attributes></crumb><crumb tag="FORM" index="0"><attributes><attrib name="id">form</attrib><attrib name="method">post</attrib><attrib name="action">%2Fproduct%2Ftestleft%2Foverview%2F</attrib></attributes></crumb><crumb tag="BODY" index="0"/></breadcrumbs></target></targets><replayhints><hint name="scripting">true</hint></replayhints></event><event type="click" seq="11"><targets><target type="document"><fingerprint>1%3A1%3A1%3A1%3A5%3A1%3A1</fingerprint><breadcrumbs><crumb tag="document" index="0"><attributes><attrib name="type">body</attrib><attrib name="seq">2</attrib><attrib name="subscript">0</attrib><attrib name="action">2</attrib><attrib name="event">5</attrib><attrib name="urldocument">https%3A%2F%2Fsmartbear.com%2Fproduct%2Ftestleft%2Foverview%2F</attrib><attrib name="title">Test%20Automation%20Framework%20for%20Developers%20%7C%20TestLeft</attrib><attrib name="tabId">85</attrib><attrib name="docId">295</attrib></attributes></crumb><crumb tag="location" index="0"><attributes><attrib name="type">event</attrib><attrib name="seq">2</attrib><attrib name="subscript">0</attrib><attrib name="action">2</attrib><attrib name="event">5</attrib><attrib name="urlrequested">https%3A%2F%2Fsmartbear.com%2Fproduct%2Ftestleft%2Foverview%2F</attrib><attrib name="urlfinalized">https%3A%2F%2Fsmartbear.com%2Fproduct%2Ftestleft%2Foverview%2F</attrib></attributes></crumb><crumb tag="location" index="0"><attributes><attrib name="type">navigate</attrib><attrib name="seq">1</attrib><attrib name="subscript">0</attrib><attrib name="action">1</attrib><attrib name="event">1</attrib><attrib name="urlrequested">https%3A%2F%2Fsmartbear.com%2F</attrib><attrib name="urlfinalized">https%3A%2F%2Fsmartbear.com%2F</attrib></attributes></crumb><crumb tag="browser" index="0"><attributes><attrib name="type">tabbrowser</attrib><attrib name="seq">1</attrib><attrib name="subscript">0</attrib><attrib name="action">1</attrib><attrib name="event">1</attrib><attrib name="browserindex">0</attrib></attributes></crumb></breadcrumbs></target><target type="element"><fingerprint>1%3A1%3A2%3A5%3A1%3A2%3A1%3A4%3A1%3A2%3A2%3A1%3A2%3A5%3A2</fingerprint><elementpath>id('main-topnav')%2Ful%2Fli%5B2%5D%2Fdiv%2Fdiv%2Fdiv%5B2%5D%2Fdiv%5B4%5D%2Fa%5B2%5D</elementpath><breadcrumbs><crumb tag="A" index="34"><attributes><attrib name="href">https%3A%2F%2Fsmartbear.com%2Fsolutions%2Fcontinuous-integration%2F</attrib><attrib name="innerText">continuous%20integration</attrib></attributes></crumb><crumb tag="NAV" index="0"><attributes><attrib name="id">main-topnav</attrib></attributes></crumb><crumb tag="DIV" index="3"><attributes><attrib name="id">container</attrib></attributes></crumb><crumb tag="FORM" index="0"><attributes><attrib name="id">form</attrib><attrib name="method">post</attrib><attrib name="action">%2Fproduct%2Ftestleft%2Foverview%2F</attrib></attributes></crumb><crumb tag="BODY" index="0"/></breadcrumbs></target></targets><replayhints><hint name="netactivity">yes</hint><hint name="thinktime">1336</hint><hint name="mutations">1019</hint><hint name="scripting">true</hint><hint name="locations">1</hint></replayhints><attributes><attrib name="fullpageobjects">true</attrib></attributes></event></action><action type="browser" seq="4"><attributes><attrib name="actionname"/><attrib name="description">Continuous%20Integration%20Testing%20and%20Monitoring%20Solutions</attrib><attrib name="urlrequested">https%3A%2F%2Fsmartbear.com%2Fpress-releases%2F</attrib><attrib name="urlfinalized">https%3A%2F%2Fsmartbear.com%2Fpress-releases%2F</attrib></attributes><event type="hover" seq="12"><eventparams><param name="button">0</param><param name="detail">0</param><param name="screenX">1249</param><param name="screenY">130</param><param name="clientX">869</param><param name="altKey">false</param><param name="ctrlKey">false</param><param name="metaKey">false</param><param name="shiftKey">false</param></eventparams><targets><target type="document"><fingerprint>1%3A1%3A1%3A1%3A5%3A1%3A8%3A1%3A1</fingerprint><breadcrumbs><crumb tag="document" index="0"><attributes><attrib name="type">body</attrib><attrib name="seq">4</attrib><attrib name="subscript">0</attrib><attrib name="action">3</attrib><attrib name="event">11</attrib><attrib name="urldocument">https%3A%2F%2Fsmartbear.com%2Fsolutions%2Fcontinuous-integration%2F</attrib><attrib name="title">Continuous%20Integration%20Testing%20and%20Monitoring%20Solutions</attrib><attrib name="tabId">85</attrib><attrib name="docId">297</attrib></attributes></crumb><crumb tag="location" index="0"><attributes><attrib name="type">event</attrib><attrib name="seq">3</attrib><attrib name="subscript">0</attrib><attrib name="action">3</attrib><attrib name="event">11</attrib><attrib name="urlrequested">https%3A%2F%2Fsmartbear.com%2Fsolutions%2Fcontinuous-integration%2F</attrib><attrib name="urlfinalized">https%3A%2F%2Fsmartbear.com%2Fsolutions%2Fcontinuous-integration%2F</attrib></attributes></crumb><crumb tag="location" index="0"><attributes><attrib name="type">event</attrib><attrib name="seq">2</attrib><attrib name="subscript">0</attrib><attrib name="action">2</attrib><attrib name="event">5</attrib><attrib name="urlrequested">https%3A%2F%2Fsmartbear.com%2Fproduct%2Ftestleft%2Foverview%2F</attrib><attrib name="urlfinalized">https%3A%2F%2Fsmartbear.com%2Fproduct%2Ftestleft%2Foverview%2F</attrib></attributes></crumb><crumb tag="location" index="0"><attributes><attrib name="type">navigate</attrib><attrib name="seq">1</attrib><attrib name="subscript">0</attrib><attrib name="action">1</attrib><attrib name="event">1</attrib><attrib name="urlrequested">https%3A%2F%2Fsmartbear.com%2F</attrib><attrib name="urlfinalized">https%3A%2F%2Fsmartbear.com%2F</attrib></attributes></crumb><crumb tag="browser" index="0"><attributes><attrib name="type">tabbrowser</attrib><attrib name="seq">1</attrib><attrib name="subscript">0</attrib><attrib name="action">1</attrib><attrib name="event">1</attrib><attrib name="browserindex">0</attrib></attributes></crumb></breadcrumbs></target><target type="element"><fingerprint>1%3A1%3A2%3A5%3A1%3A2%3A1%3A4%3A1%3A5%3A1</fingerprint><elementpath>id('main-topnav')%2Ful%2Fli%5B5%5D%2Fa</elementpath><breadcrumbs><crumb tag="A" index="64"><attributes><attrib name="innerText">company</attrib></attributes></crumb><crumb tag="NAV" index="0"><attributes><attrib name="id">main-topnav</attrib></attributes></crumb><crumb tag="DIV" index="3"><attributes><attrib name="id">container</attrib></attributes></crumb><crumb tag="FORM" index="0"><attributes><attrib name="id">form</attrib><attrib name="method">post</attrib><attrib name="action">%2Fsolutions%2Fcontinuous-integration%2F</attrib></attributes></crumb><crumb tag="BODY" index="0"/></breadcrumbs></target></targets><replayhints><hint name="scripting">true</hint></replayhints></event><event type="click" seq="13"><targets><target type="document"><fingerprint>1%3A1%3A1%3A1%3A5%3A1%3A8%3A1%3A1</fingerprint><breadcrumbs><crumb tag="document" index="0"><attributes><attrib name="type">body</attrib><attrib name="seq">4</attrib><attrib name="subscript">0</attrib><attrib name="action">3</attrib><attrib name="event">11</attrib><attrib name="urldocument">https%3A%2F%2Fsmartbear.com%2Fsolutions%2Fcontinuous-integration%2F</attrib><attrib name="title">Continuous%20Integration%20Testing%20and%20Monitoring%20Solutions</attrib><attrib name="tabId">85</attrib><attrib name="docId">297</attrib></attributes></crumb><crumb tag="location" index="0"><attributes><attrib name="type">event</attrib><attrib name="seq">3</attrib><attrib name="subscript">0</attrib><attrib name="action">3</attrib><attrib name="event">11</attrib><attrib name="urlrequested">https%3A%2F%2Fsmartbear.com%2Fsolutions%2Fcontinuous-integration%2F</attrib><attrib name="urlfinalized">https%3A%2F%2Fsmartbear.com%2Fsolutions%2Fcontinuous-integration%2F</attrib></attributes></crumb><crumb tag="location" index="0"><attributes><attrib name="type">event</attrib><attrib name="seq">2</attrib><attrib name="subscript">0</attrib><attrib name="action">2</attrib><attrib name="event">5</attrib><attrib name="urlrequested">https%3A%2F%2Fsmartbear.com%2Fproduct%2Ftestleft%2Foverview%2F</attrib><attrib name="urlfinalized">https%3A%2F%2Fsmartbear.com%2Fproduct%2Ftestleft%2Foverview%2F</attrib></attributes></crumb><crumb tag="location" index="0"><attributes><attrib name="type">navigate</attrib><attrib name="seq">1</attrib><attrib name="subscript">0</attrib><attrib name="action">1</attrib><attrib name="event">1</attrib><attrib name="urlrequested">https%3A%2F%2Fsmartbear.com%2F</attrib><attrib name="urlfinalized">https%3A%2F%2Fsmartbear.com%2F</attrib></attributes></crumb><crumb tag="browser" index="0"><attributes><attrib name="type">tabbrowser</attrib><attrib name="seq">1</attrib><attrib name="subscript">0</attrib><attrib name="action">1</attrib><attrib name="event">1</attrib><attrib name="browserindex">0</attrib></attributes></crumb></breadcrumbs></target><target type="element"><fingerprint>1%3A1%3A2%3A5%3A1%3A2%3A1%3A4%3A1%3A5%3A1</fingerprint><elementpath>id('main-topnav')%2Ful%2Fli%5B5%5D%2Fa</elementpath><breadcrumbs><crumb tag="A" index="64"><attributes><attrib name="innerText">company</attrib></attributes></crumb><crumb tag="NAV" index="0"><attributes><attrib name="id">main-topnav</attrib></attributes></crumb><crumb tag="DIV" index="3"><attributes><attrib name="id">container</attrib></attributes></crumb><crumb tag="FORM" index="0"><attributes><attrib name="id">form</attrib><attrib name="method">post</attrib><attrib name="action">%2Fsolutions%2Fcontinuous-integration%2F</attrib></attributes></crumb><crumb tag="BODY" index="0"/></breadcrumbs></target></targets><replayhints><hint name="mutations">1</hint><hint name="scripting">true</hint><hint name="thinktime">6712</hint></replayhints></event><event type="hover" seq="14"><eventparams><param name="button">0</param><param name="detail">0</param><param name="screenX">921</param><param name="screenY">259</param><param name="clientX">541</param><param name="altKey">false</param><param name="ctrlKey">false</param><param name="metaKey">false</param><param name="shiftKey">false</param></eventparams><targets><target type="document"><fingerprint>1%3A1%3A1%3A1%3A5%3A1%3A8%3A1%3A1</fingerprint><breadcrumbs><crumb tag="document" index="0"><attributes><attrib name="type">body</attrib><attrib name="seq">4</attrib><attrib name="subscript">0</attrib><attrib name="action">3</attrib><attrib name="event">11</attrib><attrib name="urldocument">https%3A%2F%2Fsmartbear.com%2Fsolutions%2Fcontinuous-integration%2F</attrib><attrib name="title">Continuous%20Integration%20Testing%20and%20Monitoring%20Solutions</attrib><attrib name="tabId">85</attrib><attrib name="docId">297</attrib></attributes></crumb><crumb tag="location" index="0"><attributes><attrib name="type">event</attrib><attrib name="seq">3</attrib><attrib name="subscript">0</attrib><attrib name="action">3</attrib><attrib name="event">11</attrib><attrib name="urlrequested">https%3A%2F%2Fsmartbear.com%2Fsolutions%2Fcontinuous-integration%2F</attrib><attrib name="urlfinalized">https%3A%2F%2Fsmartbear.com%2Fsolutions%2Fcontinuous-integration%2F</attrib></attributes></crumb><crumb tag="location" index="0"><attributes><attrib name="type">event</attrib><attrib name="seq">2</attrib><attrib name="subscript">0</attrib><attrib name="action">2</attrib><attrib name="event">5</attrib><attrib name="urlrequested">https%3A%2F%2Fsmartbear.com%2Fproduct%2Ftestleft%2Foverview%2F</attrib><attrib name="urlfinalized">https%3A%2F%2Fsmartbear.com%2Fproduct%2Ftestleft%2Foverview%2F</attrib></attributes></crumb><crumb tag="location" index="0"><attributes><attrib name="type">navigate</attrib><attrib name="seq">1</attrib><attrib name="subscript">0</attrib><attrib name="action">1</attrib><attrib name="event">1</attrib><attrib name="urlrequested">https%3A%2F%2Fsmartbear.com%2F</attrib><attrib name="urlfinalized">https%3A%2F%2Fsmartbear.com%2F</attrib></attributes></crumb><crumb tag="browser" index="0"><attributes><attrib name="type">tabbrowser</attrib><attrib name="seq">1</attrib><attrib name="subscript">0</attrib><attrib name="action">1</attrib><attrib name="event">1</attrib><attrib name="browserindex">0</attrib></attributes></crumb></breadcrumbs></target><target type="element"><fingerprint>1%3A1%3A2%3A5%3A1%3A2%3A1%3A4%3A1%3A5%3A2%3A1%3A3%3A2</fingerprint><elementpath>id('main-topnav')%2Ful%2Fli%5B5%5D%2Fdiv%2Fdiv%2Fdiv%5B3%5D%2Fa%5B1%5D</elementpath><breadcrumbs><crumb tag="A" index="72"><attributes><attrib name="href">https%3A%2F%2Fsmartbear.com%2Fpress-releases%2F</attrib><attrib name="innerText">press%20releases</attrib></attributes></crumb><crumb tag="NAV" index="0"><attributes><attrib name="id">main-topnav</attrib></attributes></crumb><crumb tag="DIV" index="3"><attributes><attrib name="id">container</attrib></attributes></crumb><crumb tag="FORM" index="0"><attributes><attrib name="id">form</attrib><attrib name="method">post</attrib><attrib name="action">%2Fsolutions%2Fcontinuous-integration%2F</attrib></attributes></crumb><crumb tag="BODY" index="0"/></breadcrumbs></target></targets><replayhints><hint name="scripting">true</hint></replayhints></event><event type="click" seq="15"><targets><target type="document"><fingerprint>1%3A1%3A1%3A1%3A5%3A1%3A8%3A1%3A1</fingerprint><breadcrumbs><crumb tag="document" index="0"><attributes><attrib name="type">body</attrib><attrib name="seq">4</attrib><attrib name="subscript">0</attrib><attrib name="action">3</attrib><attrib name="event">11</attrib><attrib name="urldocument">https%3A%2F%2Fsmartbear.com%2Fsolutions%2Fcontinuous-integration%2F</attrib><attrib name="title">Continuous%20Integration%20Testing%20and%20Monitoring%20Solutions</attrib><attrib name="tabId">85</attrib><attrib name="docId">297</attrib></attributes></crumb><crumb tag="location" index="0"><attributes><attrib name="type">event</attrib><attrib name="seq">3</attrib><attrib name="subscript">0</attrib><attrib name="action">3</attrib><attrib name="event">11</attrib><attrib name="urlrequested">https%3A%2F%2Fsmartbear.com%2Fsolutions%2Fcontinuous-integration%2F</attrib><attrib name="urlfinalized">https%3A%2F%2Fsmartbear.com%2Fsolutions%2Fcontinuous-integration%2F</attrib></attributes></crumb><crumb tag="location" index="0"><attributes><attrib name="type">event</attrib><attrib name="seq">2</attrib><attrib name="subscript">0</attrib><attrib name="action">2</attrib><attrib name="event">5</attrib><attrib name="urlrequested">https%3A%2F%2Fsmartbear.com%2Fproduct%2Ftestleft%2Foverview%2F</attrib><attrib name="urlfinalized">https%3A%2F%2Fsmartbear.com%2Fproduct%2Ftestleft%2Foverview%2F</attrib></attributes></crumb><crumb tag="location" index="0"><attributes><attrib name="type">navigate</attrib><attrib name="seq">1</attrib><attrib name="subscript">0</attrib><attrib name="action">1</attrib><attrib name="event">1</attrib><attrib name="urlrequested">https%3A%2F%2Fsmartbear.com%2F</attrib><attrib name="urlfinalized">https%3A%2F%2Fsmartbear.com%2F</attrib></attributes></crumb><crumb tag="browser" index="0"><attributes><attrib name="type">tabbrowser</attrib><attrib name="seq">1</attrib><attrib name="subscript">0</attrib><attrib name="action">1</attrib><attrib name="event">1</attrib><attrib name="browserindex">0</attrib></attributes></crumb></breadcrumbs></target><target type="element"><fingerprint>1%3A1%3A2%3A5%3A1%3A2%3A1%3A4%3A1%3A5%3A2%3A1%3A3%3A2</fingerprint><elementpath>id('main-topnav')%2Ful%2Fli%5B5%5D%2Fdiv%2Fdiv%2Fdiv%5B3%5D%2Fa%5B1%5D</elementpath><breadcrumbs><crumb tag="A" index="72"><attributes><attrib name="href">https%3A%2F%2Fsmartbear.com%2Fpress-releases%2F</attrib><attrib name="innerText">press%20releases</attrib></attributes></crumb><crumb tag="NAV" index="0"><attributes><attrib name="id">main-topnav</attrib></attributes></crumb><crumb tag="DIV" index="3"><attributes><attrib name="id">container</attrib></attributes></crumb><crumb tag="FORM" index="0"><attributes><attrib name="id">form</attrib><attrib name="method">post</attrib><attrib name="action">%2Fsolutions%2Fcontinuous-integration%2F</attrib></attributes></crumb><crumb tag="BODY" index="0"/></breadcrumbs></target></targets><replayhints><hint name="netactivity">yes</hint><hint name="thinktime">4612</hint><hint name="locations">1</hint></replayhints><attributes><attrib name="fullpageobjects">true</attrib></attributes></event></action></actions></script>